[2025-09-11 11:52:11,834] INFO: === programmSendFile.py - Audio File Upload ===
[2025-09-11 11:52:11,834] INFO: Starting server upload process...
[2025-09-11 11:52:11,834] INFO: Using default source file: /home/pi/Desktop/v2_Tripple S/aufnahme.wav
[2025-09-11 11:52:11,834] INFO: === Audio File Upload Process ===
[2025-09-11 11:52:11,834] INFO: Source: /home/pi/Desktop/v2_Tripple S/aufnahme.wav
[2025-09-11 11:52:11,834] INFO: Target: pi@your-server.example.com:/home/server/XYZ/aufnahme.wav
[2025-09-11 11:52:11,834] INFO: Source file validated: /home/pi/Desktop/v2_Tripple S/aufnahme.wav
[2025-09-11 11:52:11,834] INFO: File size: 1,234,732 bytes (1.18 MB)
[2025-09-11 11:52:11,834] INFO: Testing connectivity to pi@your-server.example.com
[2025-09-11 11:52:11,986] ERROR: Server connectivity test failed (exit code: 255)
[2025-09-11 11:52:11,986] ERROR: SSH error: Warning: Identity file /home/pi/.ssh/id_rsa not accessible: No such file or directory.
ssh: Could not resolve hostname your-server.example.com: Name or service not known
[2025-09-11 11:52:11,986] ERROR: Server connectivity test failed - aborting upload
[2025-09-11 11:52:11,986] ERROR: ✗ Audio file upload workflow failed
[2025-09-11 11:52:11,986] ERROR: Upload process failed
[2025-09-11 11:57:45,490] INFO: === programmSendFile.py - Audio File Upload ===
[2025-09-11 11:57:45,490] INFO: Starting server upload process...
[2025-09-11 11:57:45,490] INFO: Using default source file: /home/pi/Desktop/v2_Tripple S/aufnahme.wav
[2025-09-11 11:57:45,490] INFO: === Audio File Upload Process ===
[2025-09-11 11:57:45,490] INFO: Source: /home/pi/Desktop/v2_Tripple S/aufnahme.wav
[2025-09-11 11:57:45,490] INFO: Target: pi@your-server.example.com:/home/server/XYZ/aufnahme.wav
[2025-09-11 11:57:45,490] INFO: Source file validated: /home/pi/Desktop/v2_Tripple S/aufnahme.wav
[2025-09-11 11:57:45,491] INFO: File size: 1,631,596 bytes (1.56 MB)
[2025-09-11 11:57:45,491] INFO: Testing connectivity to pi@your-server.example.com
[2025-09-11 11:57:45,504] ERROR: Server connectivity test failed (exit code: 255)
[2025-09-11 11:57:45,504] ERROR: SSH error: Warning: Identity file /home/pi/.ssh/id_rsa not accessible: No such file or directory.
ssh: Could not resolve hostname your-server.example.com: Name or service not known
[2025-09-11 11:57:45,504] ERROR: Server connectivity test failed - aborting upload
[2025-09-11 11:57:45,504] ERROR: ✗ Audio file upload workflow failed
[2025-09-11 11:57:45,505] ERROR: Upload process failed
[2025-09-11 12:02:10,161] INFO: === programmSendFile.py - Audio File Upload ===
[2025-09-11 12:02:10,161] INFO: Starting server upload process...
[2025-09-11 12:02:10,161] INFO: Using default source file: /home/pi/Desktop/v2_Tripple S/aufnahme.wav
[2025-09-11 12:02:10,161] INFO: === Audio File Upload Process ===
[2025-09-11 12:02:10,161] INFO: Source: /home/pi/Desktop/v2_Tripple S/aufnahme.wav
[2025-09-11 12:02:10,161] INFO: Target: pi@your-server.example.com:/home/server/XYZ/aufnahme.wav
[2025-09-11 12:02:10,161] INFO: Source file validated: /home/pi/Desktop/v2_Tripple S/aufnahme.wav
[2025-09-11 12:02:10,161] INFO: File size: 1,433,164 bytes (1.37 MB)
[2025-09-11 12:02:10,161] INFO: Testing connectivity to pi@your-server.example.com
[2025-09-11 12:02:10,174] ERROR: Server connectivity test failed (exit code: 255)
[2025-09-11 12:02:10,174] ERROR: SSH error: Warning: Identity file /home/pi/.ssh/id_rsa not accessible: No such file or directory.
ssh: Could not resolve hostname your-server.example.com: Name or service not known
[2025-09-11 12:02:10,174] ERROR: Server connectivity test failed - aborting upload
[2025-09-11 12:02:10,174] ERROR: ✗ Audio file upload workflow failed
[2025-09-11 12:02:10,174] ERROR: Upload process failed
[2025-09-11 12:06:15,603] INFO: === programmSendFile.py - Audio File Upload ===
[2025-09-11 12:06:15,603] INFO: Starting server upload process...
[2025-09-11 12:06:15,603] INFO: Using default source file: /home/pi/Desktop/v2_Tripple S/aufnahme.wav
[2025-09-11 12:06:15,603] INFO: === Audio File Upload Process ===
[2025-09-11 12:06:15,603] INFO: Source: /home/pi/Desktop/v2_Tripple S/aufnahme.wav
[2025-09-11 12:06:15,603] INFO: Target: pi@your-server.example.com:/home/server/XYZ/aufnahme.wav
[2025-09-11 12:06:15,603] INFO: Source file validated: /home/pi/Desktop/v2_Tripple S/aufnahme.wav
[2025-09-11 12:06:15,603] INFO: File size: 881,964 bytes (0.84 MB)
[2025-09-11 12:06:15,603] INFO: Testing connectivity to pi@your-server.example.com
[2025-09-11 12:06:15,617] ERROR: Server connectivity test failed (exit code: 255)
[2025-09-11 12:06:15,617] ERROR: SSH error: Warning: Identity file /home/pi/.ssh/id_rsa not accessible: No such file or directory.
ssh: Could not resolve hostname your-server.example.com: Name or service not known
[2025-09-11 12:06:15,617] ERROR: Server connectivity test failed - aborting upload
[2025-09-11 12:06:15,617] ERROR: ✗ Audio file upload workflow failed
[2025-09-11 12:06:15,617] ERROR: Upload process failed
[2025-09-11 12:07:47,226] INFO: === programmSendFile.py - Audio File Upload ===
[2025-09-11 12:07:47,226] INFO: Starting server upload process...
[2025-09-11 12:07:47,226] INFO: Using default source file: /home/pi/Desktop/v2_Tripple S/aufnahme.wav
[2025-09-11 12:07:47,226] INFO: === Audio File Upload Process ===
[2025-09-11 12:07:47,226] INFO: Source: /home/pi/Desktop/v2_Tripple S/aufnahme.wav
[2025-09-11 12:07:47,226] INFO: Target: pi@your-server.example.com:/home/server/XYZ/aufnahme.wav
[2025-09-11 12:07:47,226] INFO: Source file validated: /home/pi/Desktop/v2_Tripple S/aufnahme.wav
[2025-09-11 12:07:47,226] INFO: File size: 1,212,684 bytes (1.16 MB)
[2025-09-11 12:07:47,226] INFO: Testing connectivity to pi@your-server.example.com
[2025-09-11 12:07:47,240] ERROR: Server connectivity test failed (exit code: 255)
[2025-09-11 12:07:47,241] ERROR: SSH error: Warning: Identity file /home/pi/.ssh/id_rsa not accessible: No such file or directory.
ssh: Could not resolve hostname your-server.example.com: Name or service not known
[2025-09-11 12:07:47,241] ERROR: Server connectivity test failed - aborting upload
[2025-09-11 12:07:47,241] ERROR: ✗ Audio file upload workflow failed
[2025-09-11 12:07:47,241] ERROR: Upload process failed
[2025-09-11 12:43:58,059] INFO: === programmSendFile.py - Audio File Upload ===
[2025-09-11 12:43:58,060] INFO: Starting server upload process...
[2025-09-11 12:43:58,060] INFO: Using default source file: /home/pi/Desktop/v2_Tripple S/aufnahme.wav
[2025-09-11 12:43:58,060] INFO: === Audio File Upload Process ===
[2025-09-11 12:43:58,060] INFO: Source: /home/pi/Desktop/v2_Tripple S/aufnahme.wav
[2025-09-11 12:43:58,060] INFO: Target: pi@your-server.example.com:/home/server/XYZ/aufnahme.wav
[2025-09-11 12:43:58,060] INFO: Source file validated: /home/pi/Desktop/v2_Tripple S/aufnahme.wav
[2025-09-11 12:43:58,060] INFO: File size: 628,412 bytes (0.60 MB)
[2025-09-11 12:43:58,060] INFO: Testing connectivity to pi@your-server.example.com
[2025-09-11 12:43:58,080] ERROR: Server connectivity test failed (exit code: 255)
[2025-09-11 12:43:58,080] ERROR: SSH error: Warning: Identity file /home/pi/.ssh/id_rsa not accessible: No such file or directory.
ssh: Could not resolve hostname your-server.example.com: Name or service not known
[2025-09-11 12:43:58,080] ERROR: Server connectivity test failed - aborting upload
[2025-09-11 12:43:58,080] ERROR: ✗ Audio file upload workflow failed
[2025-09-11 12:43:58,080] ERROR: Upload process failed
